<?xml version="1.0" encoding="UTF-8"?>
<testsuite xmlns:xsi="http://www.w3.org/2001/XMLSchema-instance" xsi:noNamespaceSchemaLocation="https://maven.apache.org/surefire/maven-surefire-plugin/xsd/surefire-test-report.xsd" name="CompteTest" time="0.013" tests="14" errors="0" skipped="0" failures="0">
  <properties>
[...]
</properties>
  <testcase name="accountBalanceIsGoodAfterCreditsAndDebits" classname="CompteTest" time="0"/>
  <testcase name="newAccountsStartWithCreditAndDebitOf0" classname="CompteTest" time="0"/>
  <testcase name="debitAccountDoesNotIncrementCreditVariableWhenNegativeAmount" classname="CompteTest" time="0"/>
  <testcase name="creditAccountIncrementsCreditVariable" classname="CompteTest" time="0"/>
  <testcase name="creditAccountDoesNotAppendCreditsArrayWhenAdd0" classname="CompteTest" time="0"/>
  <testcase name="creditAccountResetCreditsArrayWhenMaxCapacityReached" classname="CompteTest" time="0"/>
  <testcase name="debitAccountIncrementsDebitVariable" classname="CompteTest" time="0.004"/>
  <testcase name="debitAccountDoesNotAppendDebitsArrayWhenMoreThan100000" classname="CompteTest" time="0"/>
  <testcase name="creditAccountDoesNotAppendCreditsArrayWhenMoreThan100000" classname="CompteTest" time="0"/>
  <testcase name="debitAccountDoesNotAppendDebitsArrayWhenAdd0" classname="CompteTest" time="0"/>
  <testcase name="creditAccountAppendCreditsArray" classname="CompteTest" time="0.007"/>
  <testcase name="creditAccountDoesNotIncrementCreditVariableWhenNegativeAmount" classname="CompteTest" time="0"/>
  <testcase name="debitAccountAppendDebitsArray" classname="CompteTest" time="0.001"/>
  <testcase name="debitAccountResetDebitsArrayWhenMaxCapacityReached" classname="CompteTest" time="0"/>
</testsuite>